  main.cpp
c:\users\osy96\onedrive\바탕 화면\3학년\3학년 2학기\시스템 프로그래밍\멀티미디어저작도구2(프3)\네트워크 과제(분산서버)\relayserver\relayserver\main.cpp(58): warning C4996: 'Json::Reader::Reader': Use CharReader and CharReaderBuilder instead
  c:\users\osy96\onedrive\바탕 화면\3학년\3학년 2학기\시스템 프로그래밍\멀티미디어저작도구2(프3)\네트워크 과제(분산서버)\jsoncpp (2)\include\json\reader.h(55): note: 'Json::Reader::Reader' 선언을 참조하십시오.
c:\users\osy96\onedrive\바탕 화면\3학년\3학년 2학기\시스템 프로그래밍\멀티미디어저작도구2(프3)\네트워크 과제(분산서버)\relayserver\relayserver\main.cpp(93): warning C4996: 'inet_ntoa': Use inet_ntop() or InetNtop() instead or define _WINSOCK_DEPRECATED_NO_WARNINGS to disable deprecated API warnings
  c:\program files (x86)\windows kits\10\include\10.0.17763.0\um\winsock2.h(1849): note: 'inet_ntoa' 선언을 참조하십시오.
c:\users\osy96\onedrive\바탕 화면\3학년\3학년 2학기\시스템 프로그래밍\멀티미디어저작도구2(프3)\네트워크 과제(분산서버)\relayserver\relayserver\main.cpp(124): warning C4996: 'strcpy': This function or variable may be unsafe. Consider using strcpy_s instead. To disable deprecation, use _CRT_SECURE_NO_WARNINGS. See online help for details.
  c:\program files (x86)\windows kits\10\include\10.0.17763.0\ucrt\string.h(133): note: 'strcpy' 선언을 참조하십시오.
c:\users\osy96\onedrive\바탕 화면\3학년\3학년 2학기\시스템 프로그래밍\멀티미디어저작도구2(프3)\네트워크 과제(분산서버)\relayserver\relayserver\main.cpp(125): warning C4996: 'strcpy': This function or variable may be unsafe. Consider using strcpy_s instead. To disable deprecation, use _CRT_SECURE_NO_WARNINGS. See online help for details.
  c:\program files (x86)\windows kits\10\include\10.0.17763.0\ucrt\string.h(133): note: 'strcpy' 선언을 참조하십시오.
c:\users\osy96\onedrive\바탕 화면\3학년\3학년 2학기\시스템 프로그래밍\멀티미디어저작도구2(프3)\네트워크 과제(분산서버)\relayserver\relayserver\main.cpp(126): warning C4996: 'strcpy': This function or variable may be unsafe. Consider using strcpy_s instead. To disable deprecation, use _CRT_SECURE_NO_WARNINGS. See online help for details.
  c:\program files (x86)\windows kits\10\include\10.0.17763.0\ucrt\string.h(133): note: 'strcpy' 선언을 참조하십시오.
c:\users\osy96\onedrive\바탕 화면\3학년\3학년 2학기\시스템 프로그래밍\멀티미디어저작도구2(프3)\네트워크 과제(분산서버)\relayserver\relayserver\main.cpp(133): warning C4996: 'strcpy': This function or variable may be unsafe. Consider using strcpy_s instead. To disable deprecation, use _CRT_SECURE_NO_WARNINGS. See online help for details.
  c:\program files (x86)\windows kits\10\include\10.0.17763.0\ucrt\string.h(133): note: 'strcpy' 선언을 참조하십시오.
c:\users\osy96\onedrive\바탕 화면\3학년\3학년 2학기\시스템 프로그래밍\멀티미디어저작도구2(프3)\네트워크 과제(분산서버)\relayserver\relayserver\main.cpp(134): warning C4996: 'strcpy': This function or variable may be unsafe. Consider using strcpy_s instead. To disable deprecation, use _CRT_SECURE_NO_WARNINGS. See online help for details.
  c:\program files (x86)\windows kits\10\include\10.0.17763.0\ucrt\string.h(133): note: 'strcpy' 선언을 참조하십시오.
c:\users\osy96\onedrive\바탕 화면\3학년\3학년 2학기\시스템 프로그래밍\멀티미디어저작도구2(프3)\네트워크 과제(분산서버)\relayserver\relayserver\main.cpp(135): warning C4996: 'strcpy': This function or variable may be unsafe. Consider using strcpy_s instead. To disable deprecation, use _CRT_SECURE_NO_WARNINGS. See online help for details.
  c:\program files (x86)\windows kits\10\include\10.0.17763.0\ucrt\string.h(133): note: 'strcpy' 선언을 참조하십시오.
c:\users\osy96\onedrive\바탕 화면\3학년\3학년 2학기\시스템 프로그래밍\멀티미디어저작도구2(프3)\네트워크 과제(분산서버)\relayserver\relayserver\main.cpp(160): warning C4996: 'strcpy': This function or variable may be unsafe. Consider using strcpy_s instead. To disable deprecation, use _CRT_SECURE_NO_WARNINGS. See online help for details.
  c:\program files (x86)\windows kits\10\include\10.0.17763.0\ucrt\string.h(133): note: 'strcpy' 선언을 참조하십시오.
c:\users\osy96\onedrive\바탕 화면\3학년\3학년 2학기\시스템 프로그래밍\멀티미디어저작도구2(프3)\네트워크 과제(분산서버)\relayserver\relayserver\main.cpp(161): warning C4996: 'strcpy': This function or variable may be unsafe. Consider using strcpy_s instead. To disable deprecation, use _CRT_SECURE_NO_WARNINGS. See online help for details.
  c:\program files (x86)\windows kits\10\include\10.0.17763.0\ucrt\string.h(133): note: 'strcpy' 선언을 참조하십시오.
c:\users\osy96\onedrive\바탕 화면\3학년\3학년 2학기\시스템 프로그래밍\멀티미디어저작도구2(프3)\네트워크 과제(분산서버)\relayserver\relayserver\main.cpp(184): warning C4996: 'strcpy': This function or variable may be unsafe. Consider using strcpy_s instead. To disable deprecation, use _CRT_SECURE_NO_WARNINGS. See online help for details.
  c:\program files (x86)\windows kits\10\include\10.0.17763.0\ucrt\string.h(133): note: 'strcpy' 선언을 참조하십시오.
c:\users\osy96\onedrive\바탕 화면\3학년\3학년 2학기\시스템 프로그래밍\멀티미디어저작도구2(프3)\네트워크 과제(분산서버)\relayserver\relayserver\main.cpp(185): warning C4996: 'strcpy': This function or variable may be unsafe. Consider using strcpy_s instead. To disable deprecation, use _CRT_SECURE_NO_WARNINGS. See online help for details.
  c:\program files (x86)\windows kits\10\include\10.0.17763.0\ucrt\string.h(133): note: 'strcpy' 선언을 참조하십시오.
c:\users\osy96\onedrive\바탕 화면\3학년\3학년 2학기\시스템 프로그래밍\멀티미디어저작도구2(프3)\네트워크 과제(분산서버)\relayserver\relayserver\main.cpp(193): warning C4996: 'strcpy': This function or variable may be unsafe. Consider using strcpy_s instead. To disable deprecation, use _CRT_SECURE_NO_WARNINGS. See online help for details.
  c:\program files (x86)\windows kits\10\include\10.0.17763.0\ucrt\string.h(133): note: 'strcpy' 선언을 참조하십시오.
c:\users\osy96\onedrive\바탕 화면\3학년\3학년 2학기\시스템 프로그래밍\멀티미디어저작도구2(프3)\네트워크 과제(분산서버)\relayserver\relayserver\main.cpp(194): warning C4996: 'strcpy': This function or variable may be unsafe. Consider using strcpy_s instead. To disable deprecation, use _CRT_SECURE_NO_WARNINGS. See online help for details.
  c:\program files (x86)\windows kits\10\include\10.0.17763.0\ucrt\string.h(133): note: 'strcpy' 선언을 참조하십시오.
c:\users\osy96\onedrive\바탕 화면\3학년\3학년 2학기\시스템 프로그래밍\멀티미디어저작도구2(프3)\네트워크 과제(분산서버)\relayserver\relayserver\main.cpp(248): warning C4101: 'e' :참조되지 않은 지역 변수입니다.
c:\users\osy96\onedrive\바탕 화면\3학년\3학년 2학기\시스템 프로그래밍\멀티미디어저작도구2(프3)\네트워크 과제(분산서버)\relayserver\relayserver\main.cpp(289): warning C4996: 'strcpy': This function or variable may be unsafe. Consider using strcpy_s instead. To disable deprecation, use _CRT_SECURE_NO_WARNINGS. See online help for details.
  c:\program files (x86)\windows kits\10\include\10.0.17763.0\ucrt\string.h(133): note: 'strcpy' 선언을 참조하십시오.
c:\users\osy96\onedrive\바탕 화면\3학년\3학년 2학기\시스템 프로그래밍\멀티미디어저작도구2(프3)\네트워크 과제(분산서버)\relayserver\relayserver\main.cpp(297): warning C4996: 'inet_ntoa': Use inet_ntop() or InetNtop() instead or define _WINSOCK_DEPRECATED_NO_WARNINGS to disable deprecated API warnings
  c:\program files (x86)\windows kits\10\include\10.0.17763.0\um\winsock2.h(1849): note: 'inet_ntoa' 선언을 참조하십시오.
c:\users\osy96\onedrive\바탕 화면\3학년\3학년 2학기\시스템 프로그래밍\멀티미디어저작도구2(프3)\네트워크 과제(분산서버)\relayserver\relayserver\main.cpp(377): warning C4996: 'Json::StyledWriter': Use StreamWriterBuilder instead
  c:\users\osy96\onedrive\바탕 화면\3학년\3학년 2학기\시스템 프로그래밍\멀티미디어저작도구2(프3)\네트워크 과제(분산서버)\jsoncpp (2)\include\json\writer.h(222): note: 'Json::StyledWriter' 선언을 참조하십시오.
c:\users\osy96\onedrive\바탕 화면\3학년\3학년 2학기\시스템 프로그래밍\멀티미디어저작도구2(프3)\네트워크 과제(분산서버)\relayserver\relayserver\main.cpp(394): warning C4996: 'Json::StyledWriter': Use StreamWriterBuilder instead
  c:\users\osy96\onedrive\바탕 화면\3학년\3학년 2학기\시스템 프로그래밍\멀티미디어저작도구2(프3)\네트워크 과제(분산서버)\jsoncpp (2)\include\json\writer.h(222): note: 'Json::StyledWriter' 선언을 참조하십시오.
c:\users\osy96\onedrive\바탕 화면\3학년\3학년 2학기\시스템 프로그래밍\멀티미디어저작도구2(프3)\네트워크 과제(분산서버)\relayserver\relayserver\main.cpp(412): warning C4996: 'Json::StyledWriter': Use StreamWriterBuilder instead
  c:\users\osy96\onedrive\바탕 화면\3학년\3학년 2학기\시스템 프로그래밍\멀티미디어저작도구2(프3)\네트워크 과제(분산서버)\jsoncpp (2)\include\json\writer.h(222): note: 'Json::StyledWriter' 선언을 참조하십시오.
c:\users\osy96\onedrive\바탕 화면\3학년\3학년 2학기\시스템 프로그래밍\멀티미디어저작도구2(프3)\네트워크 과제(분산서버)\relayserver\relayserver\main.cpp(430): warning C4996: 'Json::StyledWriter': Use StreamWriterBuilder instead
  c:\users\osy96\onedrive\바탕 화면\3학년\3학년 2학기\시스템 프로그래밍\멀티미디어저작도구2(프3)\네트워크 과제(분산서버)\jsoncpp (2)\include\json\writer.h(222): note: 'Json::StyledWriter' 선언을 참조하십시오.
c:\users\osy96\onedrive\바탕 화면\3학년\3학년 2학기\시스템 프로그래밍\멀티미디어저작도구2(프3)\네트워크 과제(분산서버)\relayserver\relayserver\main.cpp(468): warning C4996: 'Json::StyledWriter': Use StreamWriterBuilder instead
  c:\users\osy96\onedrive\바탕 화면\3학년\3학년 2학기\시스템 프로그래밍\멀티미디어저작도구2(프3)\네트워크 과제(분산서버)\jsoncpp (2)\include\json\writer.h(222): note: 'Json::StyledWriter' 선언을 참조하십시오.
c:\users\osy96\onedrive\바탕 화면\3학년\3학년 2학기\시스템 프로그래밍\멀티미디어저작도구2(프3)\네트워크 과제(분산서버)\relayserver\relayserver\main.cpp(488): warning C4996: 'Json::StyledWriter': Use StreamWriterBuilder instead
  c:\users\osy96\onedrive\바탕 화면\3학년\3학년 2학기\시스템 프로그래밍\멀티미디어저작도구2(프3)\네트워크 과제(분산서버)\jsoncpp (2)\include\json\writer.h(222): note: 'Json::StyledWriter' 선언을 참조하십시오.
c:\users\osy96\onedrive\바탕 화면\3학년\3학년 2학기\시스템 프로그래밍\멀티미디어저작도구2(프3)\네트워크 과제(분산서버)\relayserver\relayserver\main.cpp(528): warning C4996: 'Json::StyledWriter': Use StreamWriterBuilder instead
  c:\users\osy96\onedrive\바탕 화면\3학년\3학년 2학기\시스템 프로그래밍\멀티미디어저작도구2(프3)\네트워크 과제(분산서버)\jsoncpp (2)\include\json\writer.h(222): note: 'Json::StyledWriter' 선언을 참조하십시오.
c:\users\osy96\onedrive\바탕 화면\3학년\3학년 2학기\시스템 프로그래밍\멀티미디어저작도구2(프3)\네트워크 과제(분산서버)\relayserver\relayserver\main.cpp(550): warning C4996: 'Json::StyledWriter': Use StreamWriterBuilder instead
  c:\users\osy96\onedrive\바탕 화면\3학년\3학년 2학기\시스템 프로그래밍\멀티미디어저작도구2(프3)\네트워크 과제(분산서버)\jsoncpp (2)\include\json\writer.h(222): note: 'Json::StyledWriter' 선언을 참조하십시오.
c:\users\osy96\onedrive\바탕 화면\3학년\3학년 2학기\시스템 프로그래밍\멀티미디어저작도구2(프3)\네트워크 과제(분산서버)\relayserver\relayserver\main.cpp(569): warning C4996: 'Json::StyledWriter': Use StreamWriterBuilder instead
  c:\users\osy96\onedrive\바탕 화면\3학년\3학년 2학기\시스템 프로그래밍\멀티미디어저작도구2(프3)\네트워크 과제(분산서버)\jsoncpp (2)\include\json\writer.h(222): note: 'Json::StyledWriter' 선언을 참조하십시오.
c:\users\osy96\onedrive\바탕 화면\3학년\3학년 2학기\시스템 프로그래밍\멀티미디어저작도구2(프3)\네트워크 과제(분산서버)\relayserver\relayserver\main.cpp(352): warning C4996: 'inet_addr': Use inet_pton() or InetPton() instead or define _WINSOCK_DEPRECATED_NO_WARNINGS to disable deprecated API warnings
  c:\program files (x86)\windows kits\10\include\10.0.17763.0\um\winsock2.h(1831): note: 'inet_addr' 선언을 참조하십시오.
c:\users\osy96\onedrive\바탕 화면\3학년\3학년 2학기\시스템 프로그래밍\멀티미디어저작도구2(프3)\네트워크 과제(분산서버)\relayserver\relayserver\main.cpp(377): warning C4996: 'Json::StyledWriter::StyledWriter': Use StreamWriterBuilder instead
  c:\users\osy96\onedrive\바탕 화면\3학년\3학년 2학기\시스템 프로그래밍\멀티미디어저작도구2(프3)\네트워크 과제(분산서버)\jsoncpp (2)\include\json\writer.h(224): note: 'Json::StyledWriter::StyledWriter' 선언을 참조하십시오.
c:\users\osy96\onedrive\바탕 화면\3학년\3학년 2학기\시스템 프로그래밍\멀티미디어저작도구2(프3)\네트워크 과제(분산서버)\relayserver\relayserver\main.cpp(378): warning C4996: 'Json::StyledWriter::write': Use StreamWriterBuilder instead
  c:\users\osy96\onedrive\바탕 화면\3학년\3학년 2학기\시스템 프로그래밍\멀티미디어저작도구2(프3)\네트워크 과제(분산서버)\jsoncpp (2)\include\json\writer.h(232): note: 'Json::StyledWriter::write' 선언을 참조하십시오.
c:\users\osy96\onedrive\바탕 화면\3학년\3학년 2학기\시스템 프로그래밍\멀티미디어저작도구2(프3)\네트워크 과제(분산서버)\relayserver\relayserver\main.cpp(380): warning C4996: 'strcpy': This function or variable may be unsafe. Consider using strcpy_s instead. To disable deprecation, use _CRT_SECURE_NO_WARNINGS. See online help for details.
  c:\program files (x86)\windows kits\10\include\10.0.17763.0\ucrt\string.h(133): note: 'strcpy' 선언을 참조하십시오.
c:\users\osy96\onedrive\바탕 화면\3학년\3학년 2학기\시스템 프로그래밍\멀티미디어저작도구2(프3)\네트워크 과제(분산서버)\relayserver\relayserver\main.cpp(394): warning C4996: 'Json::StyledWriter::StyledWriter': Use StreamWriterBuilder instead
  c:\users\osy96\onedrive\바탕 화면\3학년\3학년 2학기\시스템 프로그래밍\멀티미디어저작도구2(프3)\네트워크 과제(분산서버)\jsoncpp (2)\include\json\writer.h(224): note: 'Json::StyledWriter::StyledWriter' 선언을 참조하십시오.
c:\users\osy96\onedrive\바탕 화면\3학년\3학년 2학기\시스템 프로그래밍\멀티미디어저작도구2(프3)\네트워크 과제(분산서버)\relayserver\relayserver\main.cpp(395): warning C4996: 'Json::StyledWriter::write': Use StreamWriterBuilder instead
  c:\users\osy96\onedrive\바탕 화면\3학년\3학년 2학기\시스템 프로그래밍\멀티미디어저작도구2(프3)\네트워크 과제(분산서버)\jsoncpp (2)\include\json\writer.h(232): note: 'Json::StyledWriter::write' 선언을 참조하십시오.
c:\users\osy96\onedrive\바탕 화면\3학년\3학년 2학기\시스템 프로그래밍\멀티미디어저작도구2(프3)\네트워크 과제(분산서버)\relayserver\relayserver\main.cpp(397): warning C4996: 'strcpy': This function or variable may be unsafe. Consider using strcpy_s instead. To disable deprecation, use _CRT_SECURE_NO_WARNINGS. See online help for details.
  c:\program files (x86)\windows kits\10\include\10.0.17763.0\ucrt\string.h(133): note: 'strcpy' 선언을 참조하십시오.
c:\users\osy96\onedrive\바탕 화면\3학년\3학년 2학기\시스템 프로그래밍\멀티미디어저작도구2(프3)\네트워크 과제(분산서버)\relayserver\relayserver\main.cpp(412): warning C4996: 'Json::StyledWriter::StyledWriter': Use StreamWriterBuilder instead
  c:\users\osy96\onedrive\바탕 화면\3학년\3학년 2학기\시스템 프로그래밍\멀티미디어저작도구2(프3)\네트워크 과제(분산서버)\jsoncpp (2)\include\json\writer.h(224): note: 'Json::StyledWriter::StyledWriter' 선언을 참조하십시오.
c:\users\osy96\onedrive\바탕 화면\3학년\3학년 2학기\시스템 프로그래밍\멀티미디어저작도구2(프3)\네트워크 과제(분산서버)\relayserver\relayserver\main.cpp(413): warning C4996: 'Json::StyledWriter::write': Use StreamWriterBuilder instead
  c:\users\osy96\onedrive\바탕 화면\3학년\3학년 2학기\시스템 프로그래밍\멀티미디어저작도구2(프3)\네트워크 과제(분산서버)\jsoncpp (2)\include\json\writer.h(232): note: 'Json::StyledWriter::write' 선언을 참조하십시오.
c:\users\osy96\onedrive\바탕 화면\3학년\3학년 2학기\시스템 프로그래밍\멀티미디어저작도구2(프3)\네트워크 과제(분산서버)\relayserver\relayserver\main.cpp(415): warning C4996: 'strcpy': This function or variable may be unsafe. Consider using strcpy_s instead. To disable deprecation, use _CRT_SECURE_NO_WARNINGS. See online help for details.
  c:\program files (x86)\windows kits\10\include\10.0.17763.0\ucrt\string.h(133): note: 'strcpy' 선언을 참조하십시오.
c:\users\osy96\onedrive\바탕 화면\3학년\3학년 2학기\시스템 프로그래밍\멀티미디어저작도구2(프3)\네트워크 과제(분산서버)\relayserver\relayserver\main.cpp(430): warning C4996: 'Json::StyledWriter::StyledWriter': Use StreamWriterBuilder instead
  c:\users\osy96\onedrive\바탕 화면\3학년\3학년 2학기\시스템 프로그래밍\멀티미디어저작도구2(프3)\네트워크 과제(분산서버)\jsoncpp (2)\include\json\writer.h(224): note: 'Json::StyledWriter::StyledWriter' 선언을 참조하십시오.
c:\users\osy96\onedrive\바탕 화면\3학년\3학년 2학기\시스템 프로그래밍\멀티미디어저작도구2(프3)\네트워크 과제(분산서버)\relayserver\relayserver\main.cpp(431): warning C4996: 'Json::StyledWriter::write': Use StreamWriterBuilder instead
  c:\users\osy96\onedrive\바탕 화면\3학년\3학년 2학기\시스템 프로그래밍\멀티미디어저작도구2(프3)\네트워크 과제(분산서버)\jsoncpp (2)\include\json\writer.h(232): note: 'Json::StyledWriter::write' 선언을 참조하십시오.
c:\users\osy96\onedrive\바탕 화면\3학년\3학년 2학기\시스템 프로그래밍\멀티미디어저작도구2(프3)\네트워크 과제(분산서버)\relayserver\relayserver\main.cpp(433): warning C4996: 'strcpy': This function or variable may be unsafe. Consider using strcpy_s instead. To disable deprecation, use _CRT_SECURE_NO_WARNINGS. See online help for details.
  c:\program files (x86)\windows kits\10\include\10.0.17763.0\ucrt\string.h(133): note: 'strcpy' 선언을 참조하십시오.
c:\users\osy96\onedrive\바탕 화면\3학년\3학년 2학기\시스템 프로그래밍\멀티미디어저작도구2(프3)\네트워크 과제(분산서버)\relayserver\relayserver\main.cpp(468): warning C4996: 'Json::StyledWriter::StyledWriter': Use StreamWriterBuilder instead
  c:\users\osy96\onedrive\바탕 화면\3학년\3학년 2학기\시스템 프로그래밍\멀티미디어저작도구2(프3)\네트워크 과제(분산서버)\jsoncpp (2)\include\json\writer.h(224): note: 'Json::StyledWriter::StyledWriter' 선언을 참조하십시오.
c:\users\osy96\onedrive\바탕 화면\3학년\3학년 2학기\시스템 프로그래밍\멀티미디어저작도구2(프3)\네트워크 과제(분산서버)\relayserver\relayserver\main.cpp(469): warning C4996: 'Json::StyledWriter::write': Use StreamWriterBuilder instead
  c:\users\osy96\onedrive\바탕 화면\3학년\3학년 2학기\시스템 프로그래밍\멀티미디어저작도구2(프3)\네트워크 과제(분산서버)\jsoncpp (2)\include\json\writer.h(232): note: 'Json::StyledWriter::write' 선언을 참조하십시오.
c:\users\osy96\onedrive\바탕 화면\3학년\3학년 2학기\시스템 프로그래밍\멀티미디어저작도구2(프3)\네트워크 과제(분산서버)\relayserver\relayserver\main.cpp(471): warning C4996: 'strcpy': This function or variable may be unsafe. Consider using strcpy_s instead. To disable deprecation, use _CRT_SECURE_NO_WARNINGS. See online help for details.
  c:\program files (x86)\windows kits\10\include\10.0.17763.0\ucrt\string.h(133): note: 'strcpy' 선언을 참조하십시오.
c:\users\osy96\onedrive\바탕 화면\3학년\3학년 2학기\시스템 프로그래밍\멀티미디어저작도구2(프3)\네트워크 과제(분산서버)\relayserver\relayserver\main.cpp(488): warning C4996: 'Json::StyledWriter::StyledWriter': Use StreamWriterBuilder instead
  c:\users\osy96\onedrive\바탕 화면\3학년\3학년 2학기\시스템 프로그래밍\멀티미디어저작도구2(프3)\네트워크 과제(분산서버)\jsoncpp (2)\include\json\writer.h(224): note: 'Json::StyledWriter::StyledWriter' 선언을 참조하십시오.
c:\users\osy96\onedrive\바탕 화면\3학년\3학년 2학기\시스템 프로그래밍\멀티미디어저작도구2(프3)\네트워크 과제(분산서버)\relayserver\relayserver\main.cpp(491): warning C4996: 'Json::StyledWriter::write': Use StreamWriterBuilder instead
  c:\users\osy96\onedrive\바탕 화면\3학년\3학년 2학기\시스템 프로그래밍\멀티미디어저작도구2(프3)\네트워크 과제(분산서버)\jsoncpp (2)\include\json\writer.h(232): note: 'Json::StyledWriter::write' 선언을 참조하십시오.
c:\users\osy96\onedrive\바탕 화면\3학년\3학년 2학기\시스템 프로그래밍\멀티미디어저작도구2(프3)\네트워크 과제(분산서버)\relayserver\relayserver\main.cpp(493): warning C4996: 'strcpy': This function or variable may be unsafe. Consider using strcpy_s instead. To disable deprecation, use _CRT_SECURE_NO_WARNINGS. See online help for details.
  c:\program files (x86)\windows kits\10\include\10.0.17763.0\ucrt\string.h(133): note: 'strcpy' 선언을 참조하십시오.
c:\users\osy96\onedrive\바탕 화면\3학년\3학년 2학기\시스템 프로그래밍\멀티미디어저작도구2(프3)\네트워크 과제(분산서버)\relayserver\relayserver\main.cpp(528): warning C4996: 'Json::StyledWriter::StyledWriter': Use StreamWriterBuilder instead
  c:\users\osy96\onedrive\바탕 화면\3학년\3학년 2학기\시스템 프로그래밍\멀티미디어저작도구2(프3)\네트워크 과제(분산서버)\jsoncpp (2)\include\json\writer.h(224): note: 'Json::StyledWriter::StyledWriter' 선언을 참조하십시오.
c:\users\osy96\onedrive\바탕 화면\3학년\3학년 2학기\시스템 프로그래밍\멀티미디어저작도구2(프3)\네트워크 과제(분산서버)\relayserver\relayserver\main.cpp(529): warning C4996: 'Json::StyledWriter::write': Use StreamWriterBuilder instead
  c:\users\osy96\onedrive\바탕 화면\3학년\3학년 2학기\시스템 프로그래밍\멀티미디어저작도구2(프3)\네트워크 과제(분산서버)\jsoncpp (2)\include\json\writer.h(232): note: 'Json::StyledWriter::write' 선언을 참조하십시오.
c:\users\osy96\onedrive\바탕 화면\3학년\3학년 2학기\시스템 프로그래밍\멀티미디어저작도구2(프3)\네트워크 과제(분산서버)\relayserver\relayserver\main.cpp(531): warning C4996: 'strcpy': This function or variable may be unsafe. Consider using strcpy_s instead. To disable deprecation, use _CRT_SECURE_NO_WARNINGS. See online help for details.
  c:\program files (x86)\windows kits\10\include\10.0.17763.0\ucrt\string.h(133): note: 'strcpy' 선언을 참조하십시오.
c:\users\osy96\onedrive\바탕 화면\3학년\3학년 2학기\시스템 프로그래밍\멀티미디어저작도구2(프3)\네트워크 과제(분산서버)\relayserver\relayserver\main.cpp(550): warning C4996: 'Json::StyledWriter::StyledWriter': Use StreamWriterBuilder instead
  c:\users\osy96\onedrive\바탕 화면\3학년\3학년 2학기\시스템 프로그래밍\멀티미디어저작도구2(프3)\네트워크 과제(분산서버)\jsoncpp (2)\include\json\writer.h(224): note: 'Json::StyledWriter::StyledWriter' 선언을 참조하십시오.
c:\users\osy96\onedrive\바탕 화면\3학년\3학년 2학기\시스템 프로그래밍\멀티미디어저작도구2(프3)\네트워크 과제(분산서버)\relayserver\relayserver\main.cpp(551): warning C4996: 'Json::StyledWriter::write': Use StreamWriterBuilder instead
  c:\users\osy96\onedrive\바탕 화면\3학년\3학년 2학기\시스템 프로그래밍\멀티미디어저작도구2(프3)\네트워크 과제(분산서버)\jsoncpp (2)\include\json\writer.h(232): note: 'Json::StyledWriter::write' 선언을 참조하십시오.
c:\users\osy96\onedrive\바탕 화면\3학년\3학년 2학기\시스템 프로그래밍\멀티미디어저작도구2(프3)\네트워크 과제(분산서버)\relayserver\relayserver\main.cpp(553): warning C4996: 'strcpy': This function or variable may be unsafe. Consider using strcpy_s instead. To disable deprecation, use _CRT_SECURE_NO_WARNINGS. See online help for details.
  c:\program files (x86)\windows kits\10\include\10.0.17763.0\ucrt\string.h(133): note: 'strcpy' 선언을 참조하십시오.
c:\users\osy96\onedrive\바탕 화면\3학년\3학년 2학기\시스템 프로그래밍\멀티미디어저작도구2(프3)\네트워크 과제(분산서버)\relayserver\relayserver\main.cpp(569): warning C4996: 'Json::StyledWriter::StyledWriter': Use StreamWriterBuilder instead
  c:\users\osy96\onedrive\바탕 화면\3학년\3학년 2학기\시스템 프로그래밍\멀티미디어저작도구2(프3)\네트워크 과제(분산서버)\jsoncpp (2)\include\json\writer.h(224): note: 'Json::StyledWriter::StyledWriter' 선언을 참조하십시오.
c:\users\osy96\onedrive\바탕 화면\3학년\3학년 2학기\시스템 프로그래밍\멀티미디어저작도구2(프3)\네트워크 과제(분산서버)\relayserver\relayserver\main.cpp(570): warning C4996: 'Json::StyledWriter::write': Use StreamWriterBuilder instead
  c:\users\osy96\onedrive\바탕 화면\3학년\3학년 2학기\시스템 프로그래밍\멀티미디어저작도구2(프3)\네트워크 과제(분산서버)\jsoncpp (2)\include\json\writer.h(232): note: 'Json::StyledWriter::write' 선언을 참조하십시오.
c:\users\osy96\onedrive\바탕 화면\3학년\3학년 2학기\시스템 프로그래밍\멀티미디어저작도구2(프3)\네트워크 과제(분산서버)\relayserver\relayserver\main.cpp(572): warning C4996: 'strcpy': This function or variable may be unsafe. Consider using strcpy_s instead. To disable deprecation, use _CRT_SECURE_NO_WARNINGS. See online help for details.
  c:\program files (x86)\windows kits\10\include\10.0.17763.0\ucrt\string.h(133): note: 'strcpy' 선언을 참조하십시오.
c:\users\osy96\onedrive\바탕 화면\3학년\3학년 2학기\시스템 프로그래밍\멀티미디어저작도구2(프3)\네트워크 과제(분산서버)\relayserver\relayserver\main.cpp(357): warning C4101: 'rset' :참조되지 않은 지역 변수입니다.
c:\users\osy96\onedrive\바탕 화면\3학년\3학년 2학기\시스템 프로그래밍\멀티미디어저작도구2(프3)\네트워크 과제(분산서버)\relayserver\relayserver\main.cpp(657): warning C4996: 'Json::StyledWriter': Use StreamWriterBuilder instead
  c:\users\osy96\onedrive\바탕 화면\3학년\3학년 2학기\시스템 프로그래밍\멀티미디어저작도구2(프3)\네트워크 과제(분산서버)\jsoncpp (2)\include\json\writer.h(222): note: 'Json::StyledWriter' 선언을 참조하십시오.
c:\users\osy96\onedrive\바탕 화면\3학년\3학년 2학기\시스템 프로그래밍\멀티미디어저작도구2(프3)\네트워크 과제(분산서버)\relayserver\relayserver\main.cpp(671): warning C4996: 'Json::StyledWriter': Use StreamWriterBuilder instead
  c:\users\osy96\onedrive\바탕 화면\3학년\3학년 2학기\시스템 프로그래밍\멀티미디어저작도구2(프3)\네트워크 과제(분산서버)\jsoncpp (2)\include\json\writer.h(222): note: 'Json::StyledWriter' 선언을 참조하십시오.
c:\users\osy96\onedrive\바탕 화면\3학년\3학년 2학기\시스템 프로그래밍\멀티미디어저작도구2(프3)\네트워크 과제(분산서버)\relayserver\relayserver\main.cpp(620): warning C4996: 'inet_addr': Use inet_pton() or InetPton() instead or define _WINSOCK_DEPRECATED_NO_WARNINGS to disable deprecated API warnings
  c:\program files (x86)\windows kits\10\include\10.0.17763.0\um\winsock2.h(1831): note: 'inet_addr' 선언을 참조하십시오.
c:\users\osy96\onedrive\바탕 화면\3학년\3학년 2학기\시스템 프로그래밍\멀티미디어저작도구2(프3)\네트워크 과제(분산서버)\relayserver\relayserver\main.cpp(635): warning C4996: 'Json::Reader::Reader': Use CharReader and CharReaderBuilder instead
  c:\users\osy96\onedrive\바탕 화면\3학년\3학년 2학기\시스템 프로그래밍\멀티미디어저작도구2(프3)\네트워크 과제(분산서버)\jsoncpp (2)\include\json\reader.h(55): note: 'Json::Reader::Reader' 선언을 참조하십시오.
c:\users\osy96\onedrive\바탕 화면\3학년\3학년 2학기\시스템 프로그래밍\멀티미디어저작도구2(프3)\네트워크 과제(분산서버)\relayserver\relayserver\main.cpp(657): warning C4996: 'Json::StyledWriter::StyledWriter': Use StreamWriterBuilder instead
  c:\users\osy96\onedrive\바탕 화면\3학년\3학년 2학기\시스템 프로그래밍\멀티미디어저작도구2(프3)\네트워크 과제(분산서버)\jsoncpp (2)\include\json\writer.h(224): note: 'Json::StyledWriter::StyledWriter' 선언을 참조하십시오.
c:\users\osy96\onedrive\바탕 화면\3학년\3학년 2학기\시스템 프로그래밍\멀티미디어저작도구2(프3)\네트워크 과제(분산서버)\relayserver\relayserver\main.cpp(658): warning C4996: 'Json::StyledWriter::write': Use StreamWriterBuilder instead
  c:\users\osy96\onedrive\바탕 화면\3학년\3학년 2학기\시스템 프로그래밍\멀티미디어저작도구2(프3)\네트워크 과제(분산서버)\jsoncpp (2)\include\json\writer.h(232): note: 'Json::StyledWriter::write' 선언을 참조하십시오.
c:\users\osy96\onedrive\바탕 화면\3학년\3학년 2학기\시스템 프로그래밍\멀티미디어저작도구2(프3)\네트워크 과제(분산서버)\relayserver\relayserver\main.cpp(660): warning C4996: 'strcpy': This function or variable may be unsafe. Consider using strcpy_s instead. To disable deprecation, use _CRT_SECURE_NO_WARNINGS. See online help for details.
  c:\program files (x86)\windows kits\10\include\10.0.17763.0\ucrt\string.h(133): note: 'strcpy' 선언을 참조하십시오.
c:\users\osy96\onedrive\바탕 화면\3학년\3학년 2학기\시스템 프로그래밍\멀티미디어저작도구2(프3)\네트워크 과제(분산서버)\relayserver\relayserver\main.cpp(671): warning C4996: 'Json::StyledWriter::StyledWriter': Use StreamWriterBuilder instead
  c:\users\osy96\onedrive\바탕 화면\3학년\3학년 2학기\시스템 프로그래밍\멀티미디어저작도구2(프3)\네트워크 과제(분산서버)\jsoncpp (2)\include\json\writer.h(224): note: 'Json::StyledWriter::StyledWriter' 선언을 참조하십시오.
c:\users\osy96\onedrive\바탕 화면\3학년\3학년 2학기\시스템 프로그래밍\멀티미디어저작도구2(프3)\네트워크 과제(분산서버)\relayserver\relayserver\main.cpp(672): warning C4996: 'Json::StyledWriter::write': Use StreamWriterBuilder instead
  c:\users\osy96\onedrive\바탕 화면\3학년\3학년 2학기\시스템 프로그래밍\멀티미디어저작도구2(프3)\네트워크 과제(분산서버)\jsoncpp (2)\include\json\writer.h(232): note: 'Json::StyledWriter::write' 선언을 참조하십시오.
c:\users\osy96\onedrive\바탕 화면\3학년\3학년 2학기\시스템 프로그래밍\멀티미디어저작도구2(프3)\네트워크 과제(분산서버)\relayserver\relayserver\main.cpp(674): warning C4996: 'strcpy': This function or variable may be unsafe. Consider using strcpy_s instead. To disable deprecation, use _CRT_SECURE_NO_WARNINGS. See online help for details.
  c:\program files (x86)\windows kits\10\include\10.0.17763.0\ucrt\string.h(133): note: 'strcpy' 선언을 참조하십시오.
c:\users\osy96\onedrive\바탕 화면\3학년\3학년 2학기\시스템 프로그래밍\멀티미디어저작도구2(프3)\네트워크 과제(분산서버)\relayserver\relayserver\main.cpp(625): warning C4101: 'rset' :참조되지 않은 지역 변수입니다.
c:\users\osy96\onedrive\바탕 화면\3학년\3학년 2학기\시스템 프로그래밍\멀티미디어저작도구2(프3)\네트워크 과제(분산서버)\relayserver\relayserver\main.cpp(609): warning C4101: 'Type' :참조되지 않은 지역 변수입니다.
c:\users\osy96\onedrive\바탕 화면\3학년\3학년 2학기\시스템 프로그래밍\멀티미디어저작도구2(프3)\네트워크 과제(분산서버)\relayserver\relayserver\main.cpp(610): warning C4101: 'roomData' :참조되지 않은 지역 변수입니다.
c:\users\osy96\onedrive\바탕 화면\3학년\3학년 2학기\시스템 프로그래밍\멀티미디어저작도구2(프3)\네트워크 과제(분산서버)\relayserver\relayserver\main.cpp(683): warning C4101: 'e' :참조되지 않은 지역 변수입니다.
  RelayServer.vcxproj -> C:\Users\osy96\OneDrive\바탕 화면\3학년\3학년 2학기\시스템 프로그래밍\멀티미디어저작도구2(프3)\네트워크 과제(분산서버)\RelayServer\Debug\RelayServer.exe
