  main.cpp
c:\users\osy96\onedrive\바탕 화면\3학년\3학년 2학기\시스템 프로그래밍\멀티미디어저작도구2(프3)\네트워크 과제(분산서버)\gameserver\gameserver\main.cpp(157): warning C4996: 'Json::StyledWriter': Use StreamWriterBuilder instead
  c:\users\osy96\onedrive\바탕 화면\3학년\3학년 2학기\시스템 프로그래밍\멀티미디어저작도구2(프3)\네트워크 과제(분산서버)\jsoncpp (2)\include\json\writer.h(222): note: 'Json::StyledWriter' 선언을 참조하십시오.
c:\users\osy96\onedrive\바탕 화면\3학년\3학년 2학기\시스템 프로그래밍\멀티미디어저작도구2(프3)\네트워크 과제(분산서버)\gameserver\gameserver\main.cpp(170): warning C4996: 'Json::StyledWriter': Use StreamWriterBuilder instead
  c:\users\osy96\onedrive\바탕 화면\3학년\3학년 2학기\시스템 프로그래밍\멀티미디어저작도구2(프3)\네트워크 과제(분산서버)\jsoncpp (2)\include\json\writer.h(222): note: 'Json::StyledWriter' 선언을 참조하십시오.
c:\users\osy96\onedrive\바탕 화면\3학년\3학년 2학기\시스템 프로그래밍\멀티미디어저작도구2(프3)\네트워크 과제(분산서버)\gameserver\gameserver\main.cpp(51): warning C4996: 'Json::Reader::Reader': Use CharReader and CharReaderBuilder instead
  c:\users\osy96\onedrive\바탕 화면\3학년\3학년 2학기\시스템 프로그래밍\멀티미디어저작도구2(프3)\네트워크 과제(분산서버)\jsoncpp (2)\include\json\reader.h(55): note: 'Json::Reader::Reader' 선언을 참조하십시오.
c:\users\osy96\onedrive\바탕 화면\3학년\3학년 2학기\시스템 프로그래밍\멀티미디어저작도구2(프3)\네트워크 과제(분산서버)\gameserver\gameserver\main.cpp(86): warning C4996: 'inet_ntoa': Use inet_ntop() or InetNtop() instead or define _WINSOCK_DEPRECATED_NO_WARNINGS to disable deprecated API warnings
  c:\program files (x86)\windows kits\10\include\10.0.17763.0\um\winsock2.h(1849): note: 'inet_ntoa' 선언을 참조하십시오.
c:\users\osy96\onedrive\바탕 화면\3학년\3학년 2학기\시스템 프로그래밍\멀티미디어저작도구2(프3)\네트워크 과제(분산서버)\gameserver\gameserver\main.cpp(157): warning C4996: 'Json::StyledWriter::StyledWriter': Use StreamWriterBuilder instead
  c:\users\osy96\onedrive\바탕 화면\3학년\3학년 2학기\시스템 프로그래밍\멀티미디어저작도구2(프3)\네트워크 과제(분산서버)\jsoncpp (2)\include\json\writer.h(224): note: 'Json::StyledWriter::StyledWriter' 선언을 참조하십시오.
c:\users\osy96\onedrive\바탕 화면\3학년\3학년 2학기\시스템 프로그래밍\멀티미디어저작도구2(프3)\네트워크 과제(분산서버)\gameserver\gameserver\main.cpp(158): warning C4996: 'Json::StyledWriter::write': Use StreamWriterBuilder instead
  c:\users\osy96\onedrive\바탕 화면\3학년\3학년 2학기\시스템 프로그래밍\멀티미디어저작도구2(프3)\네트워크 과제(분산서버)\jsoncpp (2)\include\json\writer.h(232): note: 'Json::StyledWriter::write' 선언을 참조하십시오.
c:\users\osy96\onedrive\바탕 화면\3학년\3학년 2학기\시스템 프로그래밍\멀티미디어저작도구2(프3)\네트워크 과제(분산서버)\gameserver\gameserver\main.cpp(159): warning C4996: 'strcpy': This function or variable may be unsafe. Consider using strcpy_s instead. To disable deprecation, use _CRT_SECURE_NO_WARNINGS. See online help for details.
  c:\program files (x86)\windows kits\10\include\10.0.17763.0\ucrt\string.h(133): note: 'strcpy' 선언을 참조하십시오.
c:\users\osy96\onedrive\바탕 화면\3학년\3학년 2학기\시스템 프로그래밍\멀티미디어저작도구2(프3)\네트워크 과제(분산서버)\gameserver\gameserver\main.cpp(170): warning C4996: 'Json::StyledWriter::StyledWriter': Use StreamWriterBuilder instead
  c:\users\osy96\onedrive\바탕 화면\3학년\3학년 2학기\시스템 프로그래밍\멀티미디어저작도구2(프3)\네트워크 과제(분산서버)\jsoncpp (2)\include\json\writer.h(224): note: 'Json::StyledWriter::StyledWriter' 선언을 참조하십시오.
c:\users\osy96\onedrive\바탕 화면\3학년\3학년 2학기\시스템 프로그래밍\멀티미디어저작도구2(프3)\네트워크 과제(분산서버)\gameserver\gameserver\main.cpp(171): warning C4996: 'Json::StyledWriter::write': Use StreamWriterBuilder instead
  c:\users\osy96\onedrive\바탕 화면\3학년\3학년 2학기\시스템 프로그래밍\멀티미디어저작도구2(프3)\네트워크 과제(분산서버)\jsoncpp (2)\include\json\writer.h(232): note: 'Json::StyledWriter::write' 선언을 참조하십시오.
c:\users\osy96\onedrive\바탕 화면\3학년\3학년 2학기\시스템 프로그래밍\멀티미디어저작도구2(프3)\네트워크 과제(분산서버)\gameserver\gameserver\main.cpp(172): warning C4996: 'strcpy': This function or variable may be unsafe. Consider using strcpy_s instead. To disable deprecation, use _CRT_SECURE_NO_WARNINGS. See online help for details.
  c:\program files (x86)\windows kits\10\include\10.0.17763.0\ucrt\string.h(133): note: 'strcpy' 선언을 참조하십시오.
c:\users\osy96\onedrive\바탕 화면\3학년\3학년 2학기\시스템 프로그래밍\멀티미디어저작도구2(프3)\네트워크 과제(분산서버)\gameserver\gameserver\main.cpp(178): warning C4996: 'strcpy': This function or variable may be unsafe. Consider using strcpy_s instead. To disable deprecation, use _CRT_SECURE_NO_WARNINGS. See online help for details.
  c:\program files (x86)\windows kits\10\include\10.0.17763.0\ucrt\string.h(133): note: 'strcpy' 선언을 참조하십시오.
c:\users\osy96\onedrive\바탕 화면\3학년\3학년 2학기\시스템 프로그래밍\멀티미디어저작도구2(프3)\네트워크 과제(분산서버)\gameserver\gameserver\main.cpp(7): warning C4101: 'Type' :참조되지 않은 지역 변수입니다.
c:\users\osy96\onedrive\바탕 화면\3학년\3학년 2학기\시스템 프로그래밍\멀티미디어저작도구2(프3)\네트워크 과제(분산서버)\gameserver\gameserver\main.cpp(45): warning C4101: 'j' :참조되지 않은 지역 변수입니다.
c:\users\osy96\onedrive\바탕 화면\3학년\3학년 2학기\시스템 프로그래밍\멀티미디어저작도구2(프3)\네트워크 과제(분산서버)\gameserver\gameserver\main.cpp(9): warning C4101: 'sockType' :참조되지 않은 지역 변수입니다.
c:\users\osy96\onedrive\바탕 화면\3학년\3학년 2학기\시스템 프로그래밍\멀티미디어저작도구2(프3)\네트워크 과제(분산서버)\gameserver\gameserver\main.cpp(189): warning C4101: 'e' :참조되지 않은 지역 변수입니다.
c:\users\osy96\onedrive\바탕 화면\3학년\3학년 2학기\시스템 프로그래밍\멀티미디어저작도구2(프3)\네트워크 과제(분산서버)\gameserver\gameserver\main.cpp(235): warning C4996: 'inet_ntoa': Use inet_ntop() or InetNtop() instead or define _WINSOCK_DEPRECATED_NO_WARNINGS to disable deprecated API warnings
  c:\program files (x86)\windows kits\10\include\10.0.17763.0\um\winsock2.h(1849): note: 'inet_ntoa' 선언을 참조하십시오.
c:\users\osy96\onedrive\바탕 화면\3학년\3학년 2학기\시스템 프로그래밍\멀티미디어저작도구2(프3)\네트워크 과제(분산서버)\gameserver\gameserver\main.cpp(324): warning C4996: 'Json::StyledWriter': Use StreamWriterBuilder instead
  c:\users\osy96\onedrive\바탕 화면\3학년\3학년 2학기\시스템 프로그래밍\멀티미디어저작도구2(프3)\네트워크 과제(분산서버)\jsoncpp (2)\include\json\writer.h(222): note: 'Json::StyledWriter' 선언을 참조하십시오.
c:\users\osy96\onedrive\바탕 화면\3학년\3학년 2학기\시스템 프로그래밍\멀티미디어저작도구2(프3)\네트워크 과제(분산서버)\gameserver\gameserver\main.cpp(338): warning C4996: 'Json::StyledWriter': Use StreamWriterBuilder instead
  c:\users\osy96\onedrive\바탕 화면\3학년\3학년 2학기\시스템 프로그래밍\멀티미디어저작도구2(프3)\네트워크 과제(분산서버)\jsoncpp (2)\include\json\writer.h(222): note: 'Json::StyledWriter' 선언을 참조하십시오.
c:\users\osy96\onedrive\바탕 화면\3학년\3학년 2학기\시스템 프로그래밍\멀티미디어저작도구2(프3)\네트워크 과제(분산서버)\gameserver\gameserver\main.cpp(293): warning C4996: 'inet_addr': Use inet_pton() or InetPton() instead or define _WINSOCK_DEPRECATED_NO_WARNINGS to disable deprecated API warnings
  c:\program files (x86)\windows kits\10\include\10.0.17763.0\um\winsock2.h(1831): note: 'inet_addr' 선언을 참조하십시오.
c:\users\osy96\onedrive\바탕 화면\3학년\3학년 2학기\시스템 프로그래밍\멀티미디어저작도구2(프3)\네트워크 과제(분산서버)\gameserver\gameserver\main.cpp(324): warning C4996: 'Json::StyledWriter::StyledWriter': Use StreamWriterBuilder instead
  c:\users\osy96\onedrive\바탕 화면\3학년\3학년 2학기\시스템 프로그래밍\멀티미디어저작도구2(프3)\네트워크 과제(분산서버)\jsoncpp (2)\include\json\writer.h(224): note: 'Json::StyledWriter::StyledWriter' 선언을 참조하십시오.
c:\users\osy96\onedrive\바탕 화면\3학년\3학년 2학기\시스템 프로그래밍\멀티미디어저작도구2(프3)\네트워크 과제(분산서버)\gameserver\gameserver\main.cpp(330): warning C4996: 'Json::StyledWriter::write': Use StreamWriterBuilder instead
  c:\users\osy96\onedrive\바탕 화면\3학년\3학년 2학기\시스템 프로그래밍\멀티미디어저작도구2(프3)\네트워크 과제(분산서버)\jsoncpp (2)\include\json\writer.h(232): note: 'Json::StyledWriter::write' 선언을 참조하십시오.
c:\users\osy96\onedrive\바탕 화면\3학년\3학년 2학기\시스템 프로그래밍\멀티미디어저작도구2(프3)\네트워크 과제(분산서버)\gameserver\gameserver\main.cpp(332): warning C4996: 'strcpy': This function or variable may be unsafe. Consider using strcpy_s instead. To disable deprecation, use _CRT_SECURE_NO_WARNINGS. See online help for details.
  c:\program files (x86)\windows kits\10\include\10.0.17763.0\ucrt\string.h(133): note: 'strcpy' 선언을 참조하십시오.
c:\users\osy96\onedrive\바탕 화면\3학년\3학년 2학기\시스템 프로그래밍\멀티미디어저작도구2(프3)\네트워크 과제(분산서버)\gameserver\gameserver\main.cpp(338): warning C4996: 'Json::StyledWriter::StyledWriter': Use StreamWriterBuilder instead
  c:\users\osy96\onedrive\바탕 화면\3학년\3학년 2학기\시스템 프로그래밍\멀티미디어저작도구2(프3)\네트워크 과제(분산서버)\jsoncpp (2)\include\json\writer.h(224): note: 'Json::StyledWriter::StyledWriter' 선언을 참조하십시오.
c:\users\osy96\onedrive\바탕 화면\3학년\3학년 2학기\시스템 프로그래밍\멀티미디어저작도구2(프3)\네트워크 과제(분산서버)\gameserver\gameserver\main.cpp(344): warning C4996: 'Json::StyledWriter::write': Use StreamWriterBuilder instead
  c:\users\osy96\onedrive\바탕 화면\3학년\3학년 2학기\시스템 프로그래밍\멀티미디어저작도구2(프3)\네트워크 과제(분산서버)\jsoncpp (2)\include\json\writer.h(232): note: 'Json::StyledWriter::write' 선언을 참조하십시오.
c:\users\osy96\onedrive\바탕 화면\3학년\3학년 2학기\시스템 프로그래밍\멀티미디어저작도구2(프3)\네트워크 과제(분산서버)\gameserver\gameserver\main.cpp(346): warning C4996: 'strcpy': This function or variable may be unsafe. Consider using strcpy_s instead. To disable deprecation, use _CRT_SECURE_NO_WARNINGS. See online help for details.
  c:\program files (x86)\windows kits\10\include\10.0.17763.0\ucrt\string.h(133): note: 'strcpy' 선언을 참조하십시오.
c:\users\osy96\onedrive\바탕 화면\3학년\3학년 2학기\시스템 프로그래밍\멀티미디어저작도구2(프3)\네트워크 과제(분산서버)\gameserver\gameserver\main.cpp(298): warning C4101: 'rset' :참조되지 않은 지역 변수입니다.
  GameServer.vcxproj -> C:\Users\osy96\OneDrive\바탕 화면\3학년\3학년 2학기\시스템 프로그래밍\멀티미디어저작도구2(프3)\네트워크 과제(분산서버)\GameServer\Debug\GameServer.exe
